0 info it worked if it ends with ok
1 verbose cli [ 'C:\\Program Files\\nodejs\\node.exe',
1 verbose cli   'C:\\Program Files\\nodejs\\node_modules\\npm\\bin\\npm-cli.js',
1 verbose cli   'start' ]
2 info using npm@3.3.12
3 info using node@v5.3.0
4 verbose run-script [ 'prestart', 'start', 'poststart' ]
5 info lifecycle cotd@0.0.3~prestart: cotd@0.0.3
6 silly lifecycle cotd@0.0.3~prestart: no script for prestart, continuing
7 info lifecycle cotd@0.0.3~start: cotd@0.0.3
8 verbose lifecycle cotd@0.0.3~start: unsafe-perm in lifecycle true
9 verbose lifecycle cotd@0.0.3~start: PATH: C:\Program Files\nodejs\node_modules\npm\bin\node-gyp-bin;F:\Study\Udemy\React for Beginners by Wes Bos\code\React-For-Beginners-Starter-Files-2018\catch-of-the-day\node_modules\.bin;F:\Web\cmder_mini\bin;C:\ProgramData\Oracle\Java\javapath;C:\Windows\system32;C:\Windows;C:\Windows\System32\Wbem;C:\Windows\System32\WindowsPowerShell\v1.0\;C:\Program Files (x86)\NVIDIA Corporation\PhysX\Common;C:\Program Files\PuTTY\;C:\WINDOWS\system32;C:\WINDOWS;C:\WINDOWS\System32\Wbem;C:\WINDOWS\System32\WindowsPowerShell\v1.0\;C:\Program Files\Git\cmd;C:\WINDOWS\System32\OpenSSH\;C:\Program Files\Microsoft VS Code\bin;C:\Program Files\nodejs\;C:\Users\apurv\AppData\Local\Microsoft\WindowsApps;C:\Program Files\Microsoft VS Code\bin;flutter\bin;C:\Users\apurv\AppData\Local\Programs\Microsoft VS Code\bin;C:\Users\apurv\AppData\Roaming\npm;C:\Program Files\Git\mingw64;C:\Program Files\Git\usr\bin;F:\Web\cmder_mini
10 verbose lifecycle cotd@0.0.3~start: CWD: F:\Study\Udemy\React for Beginners by Wes Bos\code\React-For-Beginners-Starter-Files-2018\catch-of-the-day
11 silly lifecycle cotd@0.0.3~start: Args: [ '/d /s /c', 'serve --single ./build' ]
12 silly lifecycle cotd@0.0.3~start: Returned: code: 1  signal: null
13 info lifecycle cotd@0.0.3~start: Failed to exec start script
14 verbose stack Error: cotd@0.0.3 start: `serve --single ./build`
14 verbose stack Exit status 1
14 verbose stack     at EventEmitter.<anonymous> (C:\Program Files\nodejs\node_modules\npm\lib\utils\lifecycle.js:232:16)
14 verbose stack     at emitTwo (events.js:87:13)
14 verbose stack     at EventEmitter.emit (events.js:172:7)
14 verbose stack     at ChildProcess.<anonymous> (C:\Program Files\nodejs\node_modules\npm\lib\utils\spawn.js:24:14)
14 verbose stack     at emitTwo (events.js:87:13)
14 verbose stack     at ChildProcess.emit (events.js:172:7)
14 verbose stack     at maybeClose (internal/child_process.js:818:16)
14 verbose stack     at Process.ChildProcess._handle.onexit (internal/child_process.js:211:5)
15 verbose pkgid cotd@0.0.3
16 verbose cwd F:\Study\Udemy\React for Beginners by Wes Bos\code\React-For-Beginners-Starter-Files-2018\catch-of-the-day
17 error Windows_NT 10.0.17763
18 error argv "C:\\Program Files\\nodejs\\node.exe" "C:\\Program Files\\nodejs\\node_modules\\npm\\bin\\npm-cli.js" "start"
19 error node v5.3.0
20 error npm  v3.3.12
21 error code ELIFECYCLE
22 error cotd@0.0.3 start: `serve --single ./build`
22 error Exit status 1
23 error Failed at the cotd@0.0.3 start script 'serve --single ./build'.
23 error Make sure you have the latest version of node.js and npm installed.
23 error If you do, this is most likely a problem with the cotd package,
23 error not with npm itself.
23 error Tell the author that this fails on your system:
23 error     serve --single ./build
23 error You can get their info via:
23 error     npm owner ls cotd
23 error There is likely additional logging output above.
24 verbose exit [ 1, true ]
